<?xml version="1.0" encoding="UTF-8"?>
<Site BuildName="(empty)"
	BuildStamp="20250407-1810-Experimental"
	Name="(empty)"
	Generator="ctest-3.28.3"
	CompilerName=""
	CompilerVersion=""
	OSName="Linux"
	Hostname="mikhail-Raider-GE78HX-13VH"
	OSRelease="6.11.0-21-generic"
	OSVersion="#21~24.04.1-Ubuntu SMP PREEMPT_DYNAMIC Mon Feb 24 16:52:15 UTC 2"
	OSPlatform="x86_64"
	Is64Bits="1"
	VendorString="GenuineIntel"
	VendorID="Intel Corporation"
	FamilyID="6"
	ModelID="183"
	ProcessorCacheSize="36864"
	NumberOfLogicalCPU="32"
	NumberOfPhysicalCPU="24"
	TotalVirtualMemory="0"
	TotalPhysicalMemory="63995"
	LogicalProcessorsPerPhysical="1"
	ProcessorClockFrequency="3605.4"
	>
	<Testing>
		<StartDateTime>Apr 08 02:08 MSK</StartDateTime>
		<StartTestTime>1744067303</StartTestTime>
		<TestList/>
		<EndDateTime>Apr 08 02:08 MSK</EndDateTime>
		<EndTestTime>1744067303</EndTestTime>
		<ElapsedMinutes>0</ElapsedMinutes>
	</Testing>
</Site>
