<?xml version="1.0" encoding="UTF-8"?>
<Site BuildName="(empty)"
	BuildStamp="20250325-1010-Experimental"
	Name="(empty)"
	Generator="ctest-3.28.3"
	CompilerName=""
	CompilerVersion=""
	OSName="Linux"
	Hostname="mikhail-Raider-GE78HX-13VH"
	OSRelease="6.11.0-19-generic"
	OSVersion="#19~24.04.1-Ubuntu SMP PREEMPT_DYNAMIC Mon Feb 17 11:51:52 UTC 2"
	OSPlatform="x86_64"
	Is64Bits="1"
	VendorString="GenuineIntel"
	VendorID="Intel Corporation"
	FamilyID="6"
	ModelID="183"
	ProcessorCacheSize="36864"
	NumberOfLogicalCPU="32"
	NumberOfPhysicalCPU="24"
	TotalVirtualMemory="0"
	TotalPhysicalMemory="63995"
	LogicalProcessorsPerPhysical="1"
	ProcessorClockFrequency="1182.08"
	>
	<Testing>
		<StartDateTime>Mar 25 20:20 MSK</StartDateTime>
		<StartTestTime>1742923256</StartTestTime>
		<TestList/>
		<EndDateTime>Mar 25 20:20 MSK</EndDateTime>
		<EndTestTime>1742923256</EndTestTime>
		<ElapsedMinutes>0</ElapsedMinutes>
	</Testing>
</Site>
